<?xml version="1.0" encoding="UTF-8"?>
<testng-results ignored="0" total="1" passed="1" failed="0" skipped="0">
  <reporter-output>
  </reporter-output>
  <suite started-at="2023-04-12T14:26:27 IST" name="Default suite" finished-at="2023-04-12T14:26:53 IST" duration-ms="26104">
    <groups>
    </groups>
    <test started-at="2023-04-12T14:26:27 IST" name="Default test" finished-at="2023-04-12T14:26:53 IST" duration-ms="26104">
      <class name="testCases.TC_AddCustomer">
        <test-method is-config="true" signature="setup()[pri:0, instance:testCases.TC_AddCustomer@34123d65]" started-at="2023-04-12T14:26:27 IST" name="setup" finished-at="2023-04-12T14:26:29 IST" duration-ms="2176" status="PASS">
          <reporter-output>
          </reporter-output>
        </test-method> <!-- setup -->
        <test-method signature="addNewCustomer()[pri:0, instance:testCases.TC_AddCustomer@34123d65]" started-at="2023-04-12T14:26:29 IST" name="addNewCustomer" finished-at="2023-04-12T14:26:53 IST" duration-ms="23875" status="PASS">
          <reporter-output>
          </reporter-output>
        </test-method> <!-- addNewCustomer -->
      </class> <!-- testCases.TC_AddCustomer -->
    </test> <!-- Default test -->
  </suite> <!-- Default suite -->
</testng-results>
